android/app/build/outputs/logs/manifest-merger-debug-report.txt
-- Merging decision tree log ---
manifest
ADDED from src/main/AndroidManifest.xml:1:1-56:12
INJECTED from src/main/AndroidManifest.xml:1:1-56:12
INJECTED from src/main/AndroidManifest.xml:1:1-56:12
INJECTED from src/main/AndroidManifest.xml:1:1-56:12
MERGED from src/main/AndroidManifest.xml:1:1-56:12
MERGED from [:system_shortcuts] AndroidManifest.xml:2:1-12:12
MERGED from [:shared_preferences] AndroidManifest.xml:2:1-7:12
MERGED from [:sqlite3_flutter_libs] AndroidManifest.xml:2:1-7:12
MERGED from [:flutter_blue] AndroidManifest.xml:2:1-11:12
MERGED from [:flutter_sound] AndroidManifest.xml:2:1-42:12
MERGED from [:path_provider] AndroidManifest.xml:2:1-7:12
MERGED from [:android_intent_plus] AndroidManifest.xml:2:1-7:12
MERGED from [:permission_handler] AndroidManifest.xml:2:1-7:12
MERGED from [eu.simonbinder:sqlite3-native-library:3.36.0] AndroidManifest.xml:2:1-9:12
MERGED from [androidx.media:media:1.2.0] AndroidManifest.xml:17:1-24:12
MERGED from [androidx.appcompat:appcompat:1.2.0] AndroidManifest.xml:17:1-24:12
MERGED from [androidx.fragment:fragment:1.1.0] AndroidManifest.xml:17:1-24:12
MERGED from [androidx.appcompat:appcompat-resources:1.2.0] AndroidManifest.xml:17:1-24:12
MERGED from [androidx.drawerlayout:drawerlayout:1.0.0] AndroidManifest.xml:17:1-22:12
MERGED from [androidx.viewpager:viewpager:1.0.0] AndroidManifest.xml:17:1-22:12
MERGED from [androidx.loader:loader:1.0.0] AndroidManifest.xml:17:1-22:12
MERGED from [androidx.activity:activity:1.0.0] AndroidManifest.xml:17:1-24:12
MERGED from [androidx.vectordrawable:vectordrawable-animated:1.1.0] AndroidManifest.xml:17:1-24:12
MERGED from [androidx.vectordrawable:vectordrawable:1.1.0] AndroidManifest.xml:17:1-24:12
MERGED from [androidx.customview:customview:1.0.0] AndroidManifest.xml:17:1-22:12
MERGED from [androidx.core:core:1.3.2] AndroidManifest.xml:17:1-26:12
MERGED from [androidx.lifecycle:lifecycle-runtime:2.2.0] AndroidManifest.xml:17:1-24:12
MERGED from [androidx.savedstate:savedstate:1.0.0] AndroidManifest.xml:17:1-24:12
MERGED from [androidx.lifecycle:lifecycle-livedata:2.0.0] AndroidManifest.xml:17:1-22:12
MERGED from [androidx.lifecycle:lifecycle-livedata-core:2.0.0] AndroidManifest.xml:17:1-22:12
MERGED from [androidx.versionedparcelable:versionedparcelable:1.1.0] AndroidManifest.xml:17:1-27:12
MERGED from [androidx.cursoradapter:cursoradapter:1.0.0] AndroidManifest.xml:17:1-22:12
MERGED from [androidx.arch.core:core-runtime:2.0.0] AndroidManifest.xml:17:1-22:12
MERGED from [androidx.lifecycle:lifecycle-viewmodel:2.1.0] AndroidManifest.xml:17:1-22:12
MERGED from [androidx.interpolator:interpolator:1.0.0] AndroidManifest.xml:17:1-22:12
MERGED from [com.arthenica:mobile-ffmpeg-full:4.4.LTS] AndroidManifest.xml:2:1-11:12
INJECTED from src/debug/AndroidManifest.xml:1:1-7:12
INJECTED from src/debug/AndroidManifest.xml:1:1-7:12
INJECTED from src/debug/AndroidManifest.xml:1:1-7:12
	package
		ADDED from src/main/AndroidManifest.xml:2:5-38
		INJECTED from src/main/AndroidManifest.xml
		INJECTED from src/debug/AndroidManifest.xml
	android:versionName
		INJECTED from src/main/AndroidManifest.xml
		ADDED from src/main/AndroidManifest.xml:1:1-56:12
		INJECTED from src/debug/AndroidManifest.xml
	android:versionCode
		INJECTED from src/main/AndroidManifest.xml
		ADDED from src/main/AndroidManifest.xml:1:1-56:12
		INJECTED from src/debug/AndroidManifest.xml
	xmlns:android
		ADDED from src/main/AndroidManifest.xml:1:11-69
uses-permission#android.permission.INTERNET
ADDED from src/main/AndroidManifest.xml:3:5-66
MERGED from src/main/AndroidManifest.xml:3:5-66
MERGED from src/main/AndroidManifest.xml:3:5-66
MERGED from src/main/AndroidManifest.xml:17:3-65
MERGED from src/main/AndroidManifest.xml:17:3-65
MERGED from [:flutter_sound] AndroidManifest.xml:7:5-67
MERGED from [:flutter_sound] AndroidManifest.xml:7:5-67
	android:name
		ADDED from src/main/AndroidManifest.xml:3:22-64
uses-permission#android.permission.WRITE_EXTERNAL_STORAGE
ADDED from src/main/AndroidManifest.xml:4:5-81
MERGED from [:flutter_sound] AndroidManifest.xml:18:5-81
MERGED from [:flutter_sound] AndroidManifest.xml:18:5-81
	android:name
		ADDED from src/main/AndroidManifest.xml:4:22-78
uses-permission#android.permission.READ_EXTERNAL_STORAGE
ADDED from src/main/AndroidManifest.xml:5:1-76
MERGED from [:flutter_sound] AndroidManifest.xml:19:5-80
MERGED from [:flutter_sound] AndroidManifest.xml:19:5-80
	android:name
		ADDED from src/main/AndroidManifest.xml:5:18-73
uses-permission#android.permission.RECORD_AUDIO
ADDED from src/main/AndroidManifest.xml:6:5-70
MERGED from [:flutter_sound] AndroidManifest.xml:8:5-71
MERGED from [:flutter_sound] AndroidManifest.xml:8:5-71
	android:name
		ADDED from src/main/AndroidManifest.xml:6:22-68
uses-permission#android.permission.FOREGROUND_SERVICE
ADDED from src/main/AndroidManifest.xml:7:5-77
MERGED from [:flutter_sound] AndroidManifest.xml:9:5-77
MERGED from [:flutter_sound] AndroidManifest.xml:9:5-77
	android:name
		ADDED from src/main/AndroidManifest.xml:7:22-74
uses-permission#android.permission.MODIFY_AUDIO_SETTINGS
ADDED from src/main/AndroidManifest.xml:8:5-80
MERGED from [:flutter_sound] AndroidManifest.xml:10:5-80
MERGED from [:flutter_sound] AndroidManifest.xml:10:5-80
	android:name
		ADDED from src/main/AndroidManifest.xml:8:22-77
uses-permission#android.permission.BLUETOOTH
ADDED from src/main/AndroidManifest.xml:9:5-68
MERGED from [:system_shortcuts] AndroidManifest.xml:9:5-68
MERGED from [:system_shortcuts] AndroidManifest.xml:9:5-68
MERGED from [:flutter_blue] AndroidManifest.xml:7:5-68
MERGED from [:flutter_blue] AndroidManifest.xml:7:5-68
MERGED from [:flutter_sound] AndroidManifest.xml:11:5-68
MERGED from [:flutter_sound] AndroidManifest.xml:11:5-68
	android:name
		ADDED from src/main/AndroidManifest.xml:9:22-65
uses-permission#Manifest.permission.CAPTURE_AUDIO_OUTPUT
ADDED from src/main/AndroidManifest.xml:10:5-80
MERGED from [:flutter_sound] AndroidManifest.xml:12:5-80
MERGED from [:flutter_sound] AndroidManifest.xml:12:5-80
	android:name
		ADDED from src/main/AndroidManifest.xml:10:22-77
uses-permission#android.permission.ACCESS_FINE_LOCATION
ADDED from src/main/AndroidManifest.xml:11:5-78
MERGED from [:flutter_blue] AndroidManifest.xml:9:5-79
MERGED from [:flutter_blue] AndroidManifest.xml:9:5-79
MERGED from [:flutter_sound] AndroidManifest.xml:13:5-79
MERGED from [:flutter_sound] AndroidManifest.xml:13:5-79
	android:name
		ADDED from src/main/AndroidManifest.xml:11:22-76
uses-permission#android.permission.WRITE_SETTINGS
ADDED from src/main/AndroidManifest.xml:12:4-72
MERGED from [:flutter_sound] AndroidManifest.xml:14:5-73
MERGED from [:flutter_sound] AndroidManifest.xml:14:5-73
	android:name
		ADDED from src/main/AndroidManifest.xml:12:21-69
uses-permission#android.permission.READ_OWNER_DATA
ADDED from src/main/AndroidManifest.xml:14:1-69
MERGED from [:flutter_sound] AndroidManifest.xml:15:5-74
MERGED from [:flutter_sound] AndroidManifest.xml:15:5-74
	android:name
		ADDED from src/main/AndroidManifest.xml:14:18-67
uses-permission#android.permission.CLEAR_APP_USER_DATA
ADDED from src/main/AndroidManifest.xml:15:1-73
MERGED from [:flutter_sound] AndroidManifest.xml:16:5-78
MERGED from [:flutter_sound] AndroidManifest.xml:16:5-78
	android:name
		ADDED from src/main/AndroidManifest.xml:15:18-71
uses-permission#android.permission.DELETE_CACHE_FILES
ADDED from src/main/AndroidManifest.xml:16:1-72
MERGED from [:flutter_sound] AndroidManifest.xml:17:5-77
MERGED from [:flutter_sound] AndroidManifest.xml:17:5-77
	android:name
		ADDED from src/main/AndroidManifest.xml:16:18-70
application
ADDED from src/main/AndroidManifest.xml:18:3-55:19
MERGED from [:flutter_sound] AndroidManifest.xml:21:5-40:19
MERGED from [:flutter_sound] AndroidManifest.xml:21:5-40:19
MERGED from [androidx.core:core:1.3.2] AndroidManifest.xml:24:5-89
MERGED from [androidx.core:core:1.3.2] AndroidManifest.xml:24:5-89
MERGED from [androidx.versionedparcelable:versionedparcelable:1.1.0] AndroidManifest.xml:24:5-25:19
MERGED from [androidx.versionedparcelable:versionedparcelable:1.1.0] AndroidManifest.xml:24:5-25:19
	android:appComponentFactory
		ADDED from [androidx.core:core:1.3.2] AndroidManifest.xml:24:18-86
	android:label
		ADDED from src/main/AndroidManifest.xml:19:9-29
	android:icon
		ADDED from src/main/AndroidManifest.xml:20:9-43
activity#org.rianstsam.bluevoice.MainActivity
ADDED from src/main/AndroidManifest.xml:21:9-49:20
	android:launchMode
		ADDED from src/main/AndroidManifest.xml:23:13-43
	android:hardwareAccelerated
		ADDED from src/main/AndroidManifest.xml:26:13-47
	android:windowSoftInputMode
		ADDED from src/main/AndroidManifest.xml:27:13-55
	android:configChanges
		ADDED from src/main/AndroidManifest.xml:25:13-163
	android:theme
		ADDED from src/main/AndroidManifest.xml:24:13-47
	android:name
		ADDED from src/main/AndroidManifest.xml:22:13-41
meta-data#io.flutter.embedding.android.NormalTheme
ADDED from src/main/AndroidManifest.xml:32:13-35:17
	android:resource
		ADDED from src/main/AndroidManifest.xml:34:15-52
	android:name
		ADDED from src/main/AndroidManifest.xml:33:15-70
meta-data#io.flutter.embedding.android.SplashScreenDrawable
ADDED from src/main/AndroidManifest.xml:41:13-44:17
	android:resource
		ADDED from src/main/AndroidManifest.xml:43:15-61
	android:name
		ADDED from src/main/AndroidManifest.xml:42:15-79
intent-filter#action:name:android.intent.action.MAIN+category:name:android.intent.category.LAUNCHER
ADDED from src/main/AndroidManifest.xml:45:13-48:29
action#android.intent.action.MAIN
ADDED from src/main/AndroidManifest.xml:46:17-68
	android:name
		ADDED from src/main/AndroidManifest.xml:46:25-66
category#android.intent.category.LAUNCHER
ADDED from src/main/AndroidManifest.xml:47:17-76
	android:name
		ADDED from src/main/AndroidManifest.xml:47:27-74
meta-data#flutterEmbedding
ADDED from src/main/AndroidManifest.xml:52:9-54:33
	android:value
		ADDED from src/main/AndroidManifest.xml:54:13-30
	android:name
		ADDED from src/main/AndroidManifest.xml:53:13-44
uses-sdk
INJECTED from src/main/AndroidManifest.xml reason: use-sdk injection requested
INJECTED from src/main/AndroidManifest.xml
INJECTED from src/main/AndroidManifest.xml
MERGED from [:system_shortcuts] AndroidManifest.xml:5:5-44
MERGED from [:system_shortcuts] AndroidManifest.xml:5:5-44
MERGED from [:shared_preferences] AndroidManifest.xml:5:5-44
MERGED from [:shared_preferences] AndroidManifest.xml:5:5-44
MERGED from [:sqlite3_flutter_libs] AndroidManifest.xml:5:5-44
MERGED from [:sqlite3_flutter_libs] AndroidManifest.xml:5:5-44
MERGED from [:flutter_blue] AndroidManifest.xml:5:5-44
MERGED from [:flutter_blue] AndroidManifest.xml:5:5-44
MERGED from [:flutter_sound] AndroidManifest.xml:5:5-44
MERGED from [:flutter_sound] AndroidManifest.xml:5:5-44
MERGED from [:path_provider] AndroidManifest.xml:5:5-44
MERGED from [:path_provider] AndroidManifest.xml:5:5-44
MERGED from [:android_intent_plus] AndroidManifest.xml:5:5-44
MERGED from [:android_intent_plus] AndroidManifest.xml:5:5-44
MERGED from [:permission_handler] AndroidManifest.xml:5:5-44
MERGED from [:permission_handler] AndroidManifest.xml:5:5-44
MERGED from [eu.simonbinder:sqlite3-native-library:3.36.0] AndroidManifest.xml:7:5-44
MERGED from [eu.simonbinder:sqlite3-native-library:3.36.0] AndroidManifest.xml:7:5-44
MERGED from [androidx.media:media:1.2.0] AndroidManifest.xml:20:5-22:41
MERGED from [androidx.media:media:1.2.0] AndroidManifest.xml:20:5-22:41
MERGED from [androidx.appcompat:appcompat:1.2.0] AndroidManifest.xml:20:5-22:41
MERGED from [androidx.appcompat:appcompat:1.2.0] AndroidManifest.xml:20:5-22:41
MERGED from [androidx.fragment:fragment:1.1.0] AndroidManifest.xml:20:5-22:41
MERGED from [androidx.fragment:fragment:1.1.0] AndroidManifest.xml:20:5-22:41
MERGED from [androidx.appcompat:appcompat-resources:1.2.0] AndroidManifest.xml:20:5-22:41
MERGED from [androidx.appcompat:appcompat-resources:1.2.0] AndroidManifest.xml:20:5-22:41
MERGED from [androidx.drawerlayout:drawerlayout:1.0.0] AndroidManifest.xml:20:5-44
MERGED from [androidx.drawerlayout:drawerlayout:1.0.0] AndroidManifest.xml:20:5-44
MERGED from [androidx.viewpager:viewpager:1.0.0] AndroidManifest.xml:20:5-44
MERGED from [androidx.viewpager:viewpager:1.0.0] AndroidManifest.xml:20:5-44
MERGED from [androidx.loader:loader:1.0.0] AndroidManifest.xml:20:5-44
MERGED from [androidx.loader:loader:1.0.0] AndroidManifest.xml:20:5-44
MERGED from [androidx.activity:activity:1.0.0] AndroidManifest.xml:20:5-22:41
MERGED from [androidx.activity:activity:1.0.0] AndroidManifest.xml:20:5-22:41
MERGED from [androidx.vectordrawable:vectordrawable-animated:1.1.0] AndroidManifest.xml:20:5-22:41
MERGED from [androidx.vectordrawable:vectordrawable-animated:1.1.0] AndroidManifest.xml:20:5-22:41
MERGED from [androidx.vectordrawable:vectordrawable:1.1.0] AndroidManifest.xml:20:5-22:41
MERGED from [androidx.vectordrawable:vectordrawable:1.1.0] AndroidManifest.xml:20:5-22:41
MERGED from [androidx.customview:customview:1.0.0] AndroidManifest.xml:20:5-44
MERGED from [androidx.customview:customview:1.0.0] AndroidManifest.xml:20:5-44
MERGED from [androidx.core:core:1.3.2] AndroidManifest.xml:20:5-22:41
MERGED from [androidx.core:core:1.3.2] AndroidManifest.xml:20:5-22:41
MERGED from [androidx.lifecycle:lifecycle-runtime:2.2.0] AndroidManifest.xml:20:5-22:41
MERGED from [androidx.lifecycle:lifecycle-runtime:2.2.0] AndroidManifest.xml:20:5-22:41
MERGED from [androidx.savedstate:savedstate:1.0.0] AndroidManifest.xml:20:5-22:41
MERGED from [androidx.savedstate:savedstate:1.0.0] AndroidManifest.xml:20:5-22:41
MERGED from [androidx.lifecycle:lifecycle-livedata:2.0.0] AndroidManifest.xml:20:5-44
MERGED from [androidx.lifecycle:lifecycle-livedata:2.0.0] AndroidManifest.xml:20:5-44
MERGED from [androidx.lifecycle:lifecycle-livedata-core:2.0.0] AndroidManifest.xml:20:5-44
MERGED from [androidx.lifecycle:lifecycle-livedata-core:2.0.0] AndroidManifest.xml:20:5-44
MERGED from [androidx.versionedparcelable:versionedparcelable:1.1.0] AndroidManifest.xml:20:5-22:41
MERGED from [androidx.versionedparcelable:versionedparcelable:1.1.0] AndroidManifest.xml:20:5-22:41
MERGED from [androidx.cursoradapter:cursoradapter:1.0.0] AndroidManifest.xml:20:5-44
MERGED from [androidx.cursoradapter:cursoradapter:1.0.0] AndroidManifest.xml:20:5-44
MERGED from [androidx.arch.core:core-runtime:2.0.0] AndroidManifest.xml:20:5-44
MERGED from [androidx.arch.core:core-runtime:2.0.0] AndroidManifest.xml:20:5-44
MERGED from [androidx.lifecycle:lifecycle-viewmodel:2.1.0] AndroidManifest.xml:20:5-44
MERGED from [androidx.lifecycle:lifecycle-viewmodel:2.1.0] AndroidManifest.xml:20:5-44
MERGED from [androidx.interpolator:interpolator:1.0.0] AndroidManifest.xml:20:5-44
MERGED from [androidx.interpolator:interpolator:1.0.0] AndroidManifest.xml:20:5-44
MERGED from [com.arthenica:mobile-ffmpeg-full:4.4.LTS] AndroidManifest.xml:7:5-9:41
MERGED from [com.arthenica:mobile-ffmpeg-full:4.4.LTS] AndroidManifest.xml:7:5-9:41
INJECTED from src/debug/AndroidManifest.xml
INJECTED from src/debug/AndroidManifest.xml
	android:targetSdkVersion
		INJECTED from src/main/AndroidManifest.xml
		INJECTED from src/debug/AndroidManifest.xml
	android:minSdkVersion
		INJECTED from src/main/AndroidManifest.xml
		INJECTED from src/debug/AndroidManifest.xml
uses-permission#android.permission.ACCESS_WIFI_STATE
ADDED from [:system_shortcuts] AndroidManifest.xml:7:5-76
	android:name
		ADDED from [:system_shortcuts] AndroidManifest.xml:7:22-73
uses-permission#android.permission.CHANGE_WIFI_STATE
ADDED from [:system_shortcuts] AndroidManifest.xml:8:5-76
	android:name
		ADDED from [:system_shortcuts] AndroidManifest.xml:8:22-73
uses-permission#android.permission.BLUETOOTH_ADMIN
ADDED from [:system_shortcuts] AndroidManifest.xml:10:5-74
MERGED from [:flutter_blue] AndroidManifest.xml:8:5-74
MERGED from [:flutter_blue] AndroidManifest.xml:8:5-74
	android:name
		ADDED from [:system_shortcuts] AndroidManifest.xml:10:22-71
receiver#androidx.media.session.MediaButtonReceiver
ADDED from [:flutter_sound] AndroidManifest.xml:22:9-29:20
	android:exported
		ADDED from [:flutter_sound] AndroidManifest.xml:24:13-36
	android:name
		ADDED from [:flutter_sound] AndroidManifest.xml:23:13-70
intent-filter#action:name:android.intent.action.MEDIA_BUTTON+action:name:android.media.AUDIO_BECOMING_NOISY
ADDED from [:flutter_sound] AndroidManifest.xml:25:13-28:29
action#android.intent.action.MEDIA_BUTTON
ADDED from [:flutter_sound] AndroidManifest.xml:26:17-77
	android:name
		ADDED from [:flutter_sound] AndroidManifest.xml:26:25-74
action#android.media.AUDIO_BECOMING_NOISY
ADDED from [:flutter_sound] AndroidManifest.xml:27:17-77
	android:name
		ADDED from [:flutter_sound] AndroidManifest.xml:27:25-74
service#com.dooboolab.fluttersound.FlautoBackgroundAudioService
ADDED from [:flutter_sound] AndroidManifest.xml:31:9-39:19
	android:exported
		ADDED from [:flutter_sound] AndroidManifest.xml:33:13-36
	android:name
		ADDED from [:flutter_sound] AndroidManifest.xml:32:13-83
intent-filter#action:name:android.intent.action.MEDIA_BUTTON+action:name:android.media.AUDIO_BECOMING_NOISY+action:name:android.media.browse.FlautoMediaBrowserService
ADDED from [:flutter_sound] AndroidManifest.xml:34:13-38:29
action#android.media.browse.FlautoMediaBrowserService
ADDED from [:flutter_sound] AndroidManifest.xml:37:17-89
	android:name
		ADDED from [:flutter_sound] AndroidManifest.xml:37:25-86